# JRE version: OpenJDK Runtime Environment Temurin-17.0.2+8 (17.0.2+8) (build 17.0.2+8)
# Java VM: OpenJDK 64-Bit Server VM Temurin-17.0.2+8 (17.0.2+8, mixed mode, tiered, compressed oops, compressed class ptrs, g1 gc, windows-amd64)
GC Precious Log:
 CPUs: 2 total, 2 available
 Memory: 8030M
 Large Page Support: Disabled
 NUMA Support: Disabled
 Compressed Oops: Enabled (32-bit)
 Heap Region Size: 1M
 Heap Min Capacity: 8M
 Heap Initial Capacity: 126M
 Heap Max Capacity: 2008M
 Pre-touch: Disabled
 Parallel Workers: 2
 Concurrent Workers: 1
 Concurrent Refinement Workers: 2
 Periodic GC: Disabled
Heap:
 garbage-first heap   total 34816K, used 21630K [0x0000000082800000, 0x0000000100000000)
  region size 1024K, 18 young (18432K), 4 survivors (4096K)
 Metaspace       used 24542K, committed 24832K, reserved 1073152K
  class space    used 2713K, committed 2880K, reserved 1048576K
GC Heap History (10 events):
Event: 1.089 GC heap before
{Heap before GC invocations=0 (full 0):
 garbage-first heap   total 129024K, used 5120K [0x0000000082800000, 0x0000000100000000)
  region size 1024K, 6 young (6144K), 0 survivors (0K)
 Metaspace       used 7649K, committed 7744K, reserved 1056768K
  class space    used 658K, committed 704K, reserved 1048576K
}
Event: 1.101 GC heap after
{Heap after GC invocations=1 (full 0):
 garbage-first heap   total 129024K, used 3218K [0x0000000082800000, 0x0000000100000000)
  region size 1024K, 1 young (1024K), 1 survivors (1024K)
 Metaspace       used 7649K, committed 7744K, reserved 1056768K
  class space    used 658K, committed 704K, reserved 1048576K
}
Event: 1.905 GC heap before
{Heap before GC invocations=1 (full 0):
 garbage-first heap   total 129024K, used 7314K [0x0000000082800000, 0x0000000100000000)
  region size 1024K, 6 young (6144K), 1 survivors (1024K)
 Metaspace       used 10722K, committed 10944K, reserved 1064960K
  class space    used 1013K, committed 1152K, reserved 1048576K
}
Event: 1.908 GC heap after
{Heap after GC invocations=2 (full 0):
 garbage-first heap   total 129024K, used 3886K [0x0000000082800000, 0x0000000100000000)
  region size 1024K, 1 young (1024K), 1 survivors (1024K)
 Metaspace       used 10722K, committed 10944K, reserved 1064960K
  class space    used 1013K, committed 1152K, reserved 1048576K
}
Event: 3.027 GC heap before
{Heap before GC invocations=2 (full 0):
 garbage-first heap   total 129024K, used 14126K [0x0000000082800000, 0x0000000100000000)
  region size 1024K, 11 young (11264K), 1 survivors (1024K)
 Metaspace       used 14619K, committed 14848K, reserved 1064960K
  class space    used 1477K, committed 1600K, reserved 1048576K
}
Event: 3.035 GC heap after
{Heap after GC invocations=3 (full 0):
 garbage-first heap   total 129024K, used 4785K [0x0000000082800000, 0x0000000100000000)
  region size 1024K, 2 young (2048K), 2 survivors (2048K)
 Metaspace       used 14619K, committed 14848K, reserved 1064960K
  class space    used 1477K, committed 1600K, reserved 1048576K
}
Event: 4.320 GC heap before
{Heap before GC invocations=3 (full 0):
 garbage-first heap   total 129024K, used 23217K [0x0000000082800000, 0x0000000100000000)
  region size 1024K, 20 young (20480K), 2 survivors (2048K)
 Metaspace       used 19993K, committed 20288K, reserved 1073152K
  class space    used 2158K, committed 2304K, reserved 1048576K
}
Event: 4.332 GC heap after
{Heap after GC invocations=4 (full 0):
 garbage-first heap   total 129024K, used 7825K [0x0000000082800000, 0x0000000100000000)
  region size 1024K, 3 young (3072K), 3 survivors (3072K)
 Metaspace       used 19993K, committed 20288K, reserved 1073152K
  class space    used 2158K, committed 2304K, reserved 1048576K
}
Event: 5.300 GC heap before
{Heap before GC invocations=4 (full 0):
 garbage-first heap   total 129024K, used 10897K [0x0000000082800000, 0x0000000100000000)
  region size 1024K, 7 young (7168K), 3 survivors (3072K)
 Metaspace       used 21258K, committed 21504K, reserved 1073152K
  class space    used 2304K, committed 2432K, reserved 1048576K
}
Event: 5.306 GC heap after
{Heap after GC invocations=5 (full 0):
 garbage-first heap   total 129024K, used 8318K [0x0000000082800000, 0x0000000100000000)
  region size 1024K, 4 young (4096K), 4 survivors (4096K)
 Metaspace       used 21258K, committed 21504K, reserved 1073152K
  class space    used 2304K, committed 2432K, reserved 1048576K
}

