<?xml version="1.0" encoding="UTF-8"?>
<!-- Generated by org.testng.reporters.JUnitXMLReporter -->
<testsuite ignored="2" hostname="HP-VT4AJGH6PCH4" failures="0" tests="1" name="runtest1" time="62.381" errors="0" timestamp="2023-09-18T17:44:31 IST">
  <testcase classname="com.testcases.TC_001_logintest" name="login" time="56.85"/>
  <testcase classname="com.testcases.TC_001_logintest" name="url" time="0.0">
    <ignored/>
  </testcase> <!-- url -->
  <testcase classname="com.testcases.TC_001_logintest" name="differnece" time="0.0">
    <ignored/>
  </testcase> <!-- differnece -->
</testsuite> <!-- runtest1 -->
