<?xml version="1.0" encoding="UTF-8"?>
<!-- Generated by org.testng.reporters.JUnitXMLReporter -->
<testsuite ignored="2" hostname="HP-VT4AJGH6PCH4" failures="1" tests="1" name="runtest2" time="20.96" errors="0" timestamp="2023-09-18T17:44:52 IST">
  <testcase classname="com.testcases.TC_001_logintest" name="differnece" time="0.049">
    <failure type="java.lang.AssertionError" message="expected [] but found [Online Shopping site in India: Shop Online for Mobiles, Books, Watches, Shoes and More - Amazon.in]">
      <![CDATA[java.lang.AssertionError: expected [] but found [Online Shopping site in India: Shop Online for Mobiles, Books, Watches, Shoes and More - Amazon.in]
at com.testcases.TC_001_logintest.differnece(TC_001_logintest.java:25)
at java.base/java.util.ArrayList.forEach(ArrayList.java:1511)
... Removed 33 stack frames]]>
    </failure>
  </testcase> <!-- differnece -->
  <testcase classname="com.testcases.TC_001_logintest" name="url" time="0.0">
    <ignored/>
  </testcase> <!-- url -->
  <testcase classname="com.testcases.TC_001_logintest" name="login" time="0.0">
    <ignored/>
  </testcase> <!-- login -->
</testsuite> <!-- runtest2 -->
