<?xml version="1.0" encoding="UTF-8"?>
<!-- Generated by org.testng.reporters.JUnitReportReporter -->
<testsuite hostname="HP-VT4AJGH6PCH4" failures="0" tests="1" name="dynamicwebtablewithpagenavigation.dynamicwebtablewithpagenavigation" time="9.060" errors="0" timestamp="2024-10-24T11:53:40 IST" skipped="0">
  <testcase classname="dynamicwebtablewithpagenavigation.dynamicwebtablewithpagenavigation" name="table1" time="9.060"/>
  <system-out/>
</testsuite> <!-- dynamicwebtablewithpagenavigation.dynamicwebtablewithpagenavigation -->
